G:\SEA\PLANTGENERATOR\ANDROID\RELEASE\PLANTGENERATOR.SO
G:\SEA\PLANTGENERATOR\PLANTGENERATOR\ANDROID\RELEASE\APP.O
G:\SEA\PLANTGENERATOR\PLANTGENERATOR\ANDROID\RELEASE\APPANDROID.O
G:\SEA\PLANTGENERATOR\PLANTGENERATOR\ANDROID\RELEASE\DRAWABLEOBJECT.O
G:\SEA\PLANTGENERATOR\PLANTGENERATOR\ANDROID\RELEASE\LSYSTEM.O
G:\SEA\PLANTGENERATOR\PLANTGENERATOR\ANDROID\RELEASE\MAIN.O
G:\SEA\PLANTGENERATOR\PLANTGENERATOR\ANDROID\RELEASE\WINAPP.O
G:\SEA\PLANTGENERATOR\PLANTGENERATOR\ANDROID\RELEASE\PLANT.O
G:\SEA\PLANTGENERATOR\PLANTGENERATOR\ANDROID\RELEASE\RANDOMVALUE.O
G:\SEA\PLANTGENERATOR\PLANTGENERATOR\ANDROID\RELEASE\TURTLEGRAPHICS.O
G:\SEA\PLANTGENERATOR\ANDROIDAPK\BIN\PLANTGENERATOR-RELEASE-UNSIGNED.APK
G:\SEA\PlantGenerator\plantGenerator\Android\Release\adb.command.1.tlog
G:\SEA\PlantGenerator\plantGenerator\Android\Release\adb.read.1.tlog
G:\SEA\PlantGenerator\plantGenerator\Android\Release\ant.command.1.tlog
G:\SEA\PlantGenerator\plantGenerator\Android\Release\arm-linux-androideabi-g++-collect2-ld.read.1.tlog
G:\SEA\PlantGenerator\plantGenerator\Android\Release\arm-linux-androideabi-g++-collect2-ld.write.1.tlog
G:\SEA\PlantGenerator\plantGenerator\Android\Release\arm-linux-androideabi-g++-collect2.read.1.tlog
G:\SEA\PlantGenerator\plantGenerator\Android\Release\arm-linux-androideabi-g++-collect2.write.1.tlog
G:\SEA\PlantGenerator\plantGenerator\Android\Release\arm-linux-androideabi-g++-link.command.1.tlog
G:\SEA\PlantGenerator\plantGenerator\Android\Release\arm-linux-androideabi-g++.compile.command.1.tlog
G:\SEA\PlantGenerator\plantGenerator\Android\Release\arm-linux-androideabi-g++.compile.read.1.tlog
G:\SEA\PlantGenerator\plantGenerator\Android\Release\arm-linux-androideabi-g++.compile.write.1.tlog
G:\SEA\PlantGenerator\plantGenerator\Android\Release\arm-linux-androideabi-g++.read.1.tlog
G:\SEA\PlantGenerator\plantGenerator\Android\Release\arm-linux-androideabi-g++.write.1.tlog
G:\SEA\PlantGenerator\plantGenerator\Android\Release\cmd-find_java-java.read.1.tlog
G:\SEA\PlantGenerator\plantGenerator\Android\Release\cmd-find_java-java.read.2.tlog
G:\SEA\PlantGenerator\plantGenerator\Android\Release\cmd-find_java-java.write.2.tlog
G:\SEA\PlantGenerator\plantGenerator\Android\Release\cmd-find_java.read.1.tlog
G:\SEA\PlantGenerator\plantGenerator\Android\Release\cmd-java-aapt.6360.read.1.tlog
G:\SEA\PlantGenerator\plantGenerator\Android\Release\cmd-java-aapt.6360.write.1.tlog
G:\SEA\PlantGenerator\plantGenerator\Android\Release\cmd-java-aapt.6508.read.1.tlog
G:\SEA\PlantGenerator\plantGenerator\Android\Release\cmd-java-aapt.read.1.tlog
G:\SEA\PlantGenerator\plantGenerator\Android\Release\cmd-java-aapt.write.1.tlog
G:\SEA\PlantGenerator\plantGenerator\Android\Release\cmd-java.read.1.tlog
G:\SEA\PlantGenerator\plantGenerator\Android\Release\cmd-java.read.2.tlog
G:\SEA\PlantGenerator\plantGenerator\Android\Release\cmd-java.write.2.tlog
G:\SEA\PlantGenerator\plantGenerator\Android\Release\cmd.read.1.tlog
G:\SEA\PlantGenerator\plantGenerator\Android\Release\java.read.1.tlog
G:\SEA\PlantGenerator\plantGenerator\Android\Release\java.read.2.tlog
G:\SEA\PlantGenerator\plantGenerator\Android\Release\java.write.2.tlog
G:\SEA\PlantGenerator\Android\Release\PlantGenerator.so
