G:\SEA\PLANTGENERATOR\DEPENDENCIES\ANDROID\LIBPNG.A
G:\SEA\PLANTGENERATOR\PNGLIB\ANDROID\RELEASE\PNG.O
G:\SEA\PLANTGENERATOR\PNGLIB\ANDROID\RELEASE\PNGERROR.O
G:\SEA\PLANTGENERATOR\PNGLIB\ANDROID\RELEASE\PNGGET.O
G:\SEA\PLANTGENERATOR\PNGLIB\ANDROID\RELEASE\PNGMEM.O
G:\SEA\PLANTGENERATOR\PNGLIB\ANDROID\RELEASE\PNGPREAD.O
G:\SEA\PLANTGENERATOR\PNGLIB\ANDROID\RELEASE\PNGREAD.O
G:\SEA\PLANTGENERATOR\PNGLIB\ANDROID\RELEASE\PNGRIO.O
G:\SEA\PLANTGENERATOR\PNGLIB\ANDROID\RELEASE\PNGRTRAN.O
G:\SEA\PLANTGENERATOR\PNGLIB\ANDROID\RELEASE\PNGRUTIL.O
G:\SEA\PLANTGENERATOR\PNGLIB\ANDROID\RELEASE\PNGSET.O
G:\SEA\PLANTGENERATOR\PNGLIB\ANDROID\RELEASE\PNGTRANS.O
G:\SEA\PLANTGENERATOR\PNGLIB\ANDROID\RELEASE\PNGWIO.O
G:\SEA\PLANTGENERATOR\PNGLIB\ANDROID\RELEASE\PNGWRITE.O
G:\SEA\PLANTGENERATOR\PNGLIB\ANDROID\RELEASE\PNGWTRAN.O
G:\SEA\PLANTGENERATOR\PNGLIB\ANDROID\RELEASE\PNGWUTIL.O
G:\SEA\PlantGenerator\pnglib\Android\Release\arm-linux-androideabi-ar.command.1.tlog
G:\SEA\PlantGenerator\pnglib\Android\Release\arm-linux-androideabi-ar.read.1.tlog
G:\SEA\PlantGenerator\pnglib\Android\Release\arm-linux-androideabi-ar.write.1.tlog
G:\SEA\PlantGenerator\pnglib\Android\Release\arm-linux-androideabi-g++.compile.command.1.tlog
G:\SEA\PlantGenerator\pnglib\Android\Release\arm-linux-androideabi-g++.compile.read.1.tlog
G:\SEA\PlantGenerator\pnglib\Android\Release\arm-linux-androideabi-g++.compile.write.1.tlog
G:\SEA\PlantGenerator\Dependencies\android\libpng.a
