G:\SEA\PLANTGENERATOR\ZLIB\DEBUG\VC110.PDB
G:\SEA\PLANTGENERATOR\ZLIB\DEBUG\ADLER32.OBJ
G:\SEA\PLANTGENERATOR\ZLIB\DEBUG\COMPRESS.OBJ
G:\SEA\PLANTGENERATOR\ZLIB\DEBUG\CRC32.OBJ
G:\SEA\PLANTGENERATOR\ZLIB\DEBUG\DEFLATE.OBJ
G:\SEA\PLANTGENERATOR\ZLIB\DEBUG\GZCLOSE.OBJ
G:\SEA\PLANTGENERATOR\ZLIB\DEBUG\GZLIB.OBJ
G:\SEA\PLANTGENERATOR\ZLIB\DEBUG\GZREAD.OBJ
G:\SEA\PLANTGENERATOR\ZLIB\DEBUG\GZWRITE.OBJ
G:\SEA\PLANTGENERATOR\ZLIB\DEBUG\INFBACK.OBJ
G:\SEA\PLANTGENERATOR\ZLIB\DEBUG\INFFAST.OBJ
G:\SEA\PLANTGENERATOR\ZLIB\DEBUG\INFLATE.OBJ
G:\SEA\PLANTGENERATOR\ZLIB\DEBUG\INFTREES.OBJ
G:\SEA\PLANTGENERATOR\ZLIB\DEBUG\TREES.OBJ
G:\SEA\PLANTGENERATOR\ZLIB\DEBUG\UNCOMPR.OBJ
G:\SEA\PLANTGENERATOR\ZLIB\DEBUG\ZUTIL.OBJ
G:\SEA\PLANTGENERATOR\DEPENDENCIES\LIB\ZLIBD.LIB
G:\SEA\PlantGenerator\zlib\Debug\adler32.obj
G:\SEA\PlantGenerator\zlib\Debug\compress.obj
G:\SEA\PlantGenerator\zlib\Debug\crc32.obj
G:\SEA\PlantGenerator\zlib\Debug\deflate.obj
G:\SEA\PlantGenerator\zlib\Debug\gzclose.obj
G:\SEA\PlantGenerator\zlib\Debug\gzlib.obj
G:\SEA\PlantGenerator\zlib\Debug\gzread.obj
G:\SEA\PlantGenerator\zlib\Debug\gzwrite.obj
G:\SEA\PlantGenerator\zlib\Debug\infback.obj
G:\SEA\PlantGenerator\zlib\Debug\inffast.obj
G:\SEA\PlantGenerator\zlib\Debug\inflate.obj
G:\SEA\PlantGenerator\zlib\Debug\inftrees.obj
G:\SEA\PlantGenerator\zlib\Debug\trees.obj
G:\SEA\PlantGenerator\zlib\Debug\uncompr.obj
G:\SEA\PlantGenerator\zlib\Debug\zutil.obj
G:\SEA\PlantGenerator\zlib\Debug\cl.command.1.tlog
G:\SEA\PlantGenerator\zlib\Debug\CL.read.1.tlog
G:\SEA\PlantGenerator\zlib\Debug\cl.write.1.tlog
G:\SEA\PlantGenerator\zlib\Debug\Lib-link.read.1.tlog
G:\SEA\PlantGenerator\zlib\Debug\Lib-link.write.1.tlog
G:\SEA\PlantGenerator\zlib\Debug\lib.command.1.tlog
G:\SEA\PlantGenerator\zlib\Debug\vc110.idb
G:\SEA\PlantGenerator\zlib\Debug\vc110.pdb
