Build started 20.11.2013 г. 14:07:24 ч..
     1>Project "G:\SEA\PlantGenerator\plantGenerator\PlantGenerator.vcxproj" on node 2 (Build target(s)).
     1>ClCompile:
         C:\Program Files (x86)\Microsoft Visual Studio 11.0\VC\bin\CL.exe /c /IG:\SEA\PlantGenerator\\Dependencies\Include /IG:\SEA\PlantGenerator\\Dependencies\pngInclude /Zi /nologo /W3 /WX- /Od /Oy- /D _DEBUG /D _MBCS /D _MBCS /Gm- /EHsc /MDd /GS /fp:precise /Zc:wchar_t /Zc:forScope /Fo"DebugLib\\" /Fd"DebugLib\vc110.pdb" /Gd /TP /wd4996 /wd4800 /analyze- /errorReport:prompt ..\src\plantGenerator\App.cpp ..\src\plantGenerator\DrawableObject.cpp ..\src\plantGenerator\PlantGenerator.cpp ..\src\plantGenerator\PlantGeneratorApp.cpp ..\src\plantGenerator\TurtleGraphics.cpp
         App.cpp
     1>..\src\plantGenerator\App.cpp(108): warning C4244: 'argument' : conversion from 'float' to 'GLsizei', possible loss of data
     1>..\src\plantGenerator\App.cpp(152): warning C4244: '=' : conversion from 'float' to 'uint', possible loss of data
     1>..\src\plantGenerator\App.cpp(174): warning C4244: 'argument' : conversion from 'float' to 'GLsizei', possible loss of data
     1>..\src\plantGenerator\App.cpp(203): warning C4244: 'argument' : conversion from 'float' to 'GLsizei', possible loss of data
     1>..\src\plantGenerator\App.cpp(212): warning C4244: '=' : conversion from 'int' to 'float', possible loss of data
     1>..\src\plantGenerator\App.cpp(315): warning C4244: '=' : conversion from 'int' to 'float', possible loss of data
     1>..\src\plantGenerator\App.cpp(316): warning C4244: '=' : conversion from 'int' to 'float', possible loss of data
         DrawableObject.cpp
     1>..\src\plantGenerator\DrawableObject.cpp(182): warning C4244: 'argument' : conversion from 'float' to 'png::byte', possible loss of data
         PlantGenerator.cpp
     1>g:\sea\plantgenerator\src\plantgenerator\PlantGenerator.h(29): error C2061: syntax error : identifier 'JNIEnv'
     1>g:\sea\plantgenerator\src\plantgenerator\PlantGeneratorApp.h(6): error C2143: syntax error : missing ';' before '*'
     1>g:\sea\plantgenerator\src\plantgenerator\PlantGeneratorApp.h(6): error C4430: missing type specifier - int assumed. Note: C++ does not support default-int
     1>..\src\plantGenerator\PlantGenerator.cpp(6): fatal error C1083: Cannot open include file: 'EGL\egl.h': No such file or directory
         PlantGeneratorApp.cpp
     1>g:\sea\plantgenerator\src\plantgenerator\PlantGeneratorApp.h(6): error C2143: syntax error : missing ';' before '*'
     1>g:\sea\plantgenerator\src\plantgenerator\PlantGeneratorApp.h(6): error C4430: missing type specifier - int assumed. Note: C++ does not support default-int
     1>..\src\plantGenerator\PlantGeneratorApp.cpp(14): error C2065: 'AAsset' : undeclared identifier
     1>..\src\plantGenerator\PlantGeneratorApp.cpp(14): error C2065: 'asset' : undeclared identifier
     1>..\src\plantGenerator\PlantGeneratorApp.cpp(14): error C2065: 'm_assetManager' : undeclared identifier
     1>..\src\plantGenerator\PlantGeneratorApp.cpp(14): error C2065: 'AASSET_MODE_STREAMING' : undeclared identifier
     1>..\src\plantGenerator\PlantGeneratorApp.cpp(14): error C3861: 'AAssetManager_open': identifier not found
     1>..\src\plantGenerator\PlantGeneratorApp.cpp(16): error C2065: 'asset' : undeclared identifier
     1>..\src\plantGenerator\PlantGeneratorApp.cpp(22): error C2065: 'asset' : undeclared identifier
     1>..\src\plantGenerator\PlantGeneratorApp.cpp(22): error C3861: 'AAsset_openFileDescriptor': identifier not found
     1>..\src\plantGenerator\PlantGeneratorApp.cpp(25): error C2065: 'asset' : undeclared identifier
     1>..\src\plantGenerator\PlantGeneratorApp.cpp(25): error C3861: 'AAsset_close': identifier not found
     1>..\src\plantGenerator\PlantGeneratorApp.cpp(29): error C2065: 'asset' : undeclared identifier
     1>..\src\plantGenerator\PlantGeneratorApp.cpp(29): error C3861: 'AAsset_read': identifier not found
     1>..\src\plantGenerator\PlantGeneratorApp.cpp(33): error C2065: 'asset' : undeclared identifier
     1>..\src\plantGenerator\PlantGeneratorApp.cpp(33): error C3861: 'AAsset_close': identifier not found
     1>..\src\plantGenerator\PlantGeneratorApp.cpp(45): error C2065: 'asset' : undeclared identifier
     1>..\src\plantGenerator\PlantGeneratorApp.cpp(45): error C3861: 'AAsset_close': identifier not found
         TurtleGraphics.cpp
     1>Done Building Project "G:\SEA\PlantGenerator\plantGenerator\PlantGenerator.vcxproj" (Build target(s)) -- FAILED.

Build FAILED.

Time Elapsed 00:00:04.47
