G:\SEA\PLANTGENERATOR\ANDROID\DEBUG\PLANTGENERATOR.SO
G:\SEA\PLANTGENERATOR\PLANTGENERATOR\ANDROID\DEBUG\APP.O
G:\SEA\PLANTGENERATOR\PLANTGENERATOR\ANDROID\DEBUG\APPANDROID.O
G:\SEA\PLANTGENERATOR\PLANTGENERATOR\ANDROID\DEBUG\DRAWABLEOBJECT.O
G:\SEA\PLANTGENERATOR\PLANTGENERATOR\ANDROID\DEBUG\LSYSTEM.O
G:\SEA\PLANTGENERATOR\PLANTGENERATOR\ANDROID\DEBUG\PLANT.O
G:\SEA\PLANTGENERATOR\PLANTGENERATOR\ANDROID\DEBUG\RANDOMVALUE.O
G:\SEA\PLANTGENERATOR\PLANTGENERATOR\ANDROID\DEBUG\TURTLEGRAPHICS.O
G:\SEA\PLANTGENERATOR\ANDROIDAPK\BIN\PLANTGENERATOR-DEBUG.APK
G:\SEA\PlantGenerator\plantGenerator\Android\Debug\adb.command.1.tlog
G:\SEA\PlantGenerator\plantGenerator\Android\Debug\adb.read.1.tlog
G:\SEA\PlantGenerator\plantGenerator\Android\Debug\ant.command.1.tlog
G:\SEA\PlantGenerator\plantGenerator\Android\Debug\arm-linux-androideabi-g++-collect2-ld.read.1.tlog
G:\SEA\PlantGenerator\plantGenerator\Android\Debug\arm-linux-androideabi-g++-collect2-ld.write.1.tlog
G:\SEA\PlantGenerator\plantGenerator\Android\Debug\arm-linux-androideabi-g++-collect2.read.1.tlog
G:\SEA\PlantGenerator\plantGenerator\Android\Debug\arm-linux-androideabi-g++-collect2.write.1.tlog
G:\SEA\PlantGenerator\plantGenerator\Android\Debug\arm-linux-androideabi-g++-link.command.1.tlog
G:\SEA\PlantGenerator\plantGenerator\Android\Debug\arm-linux-androideabi-g++.compile.command.1.tlog
G:\SEA\PlantGenerator\plantGenerator\Android\Debug\arm-linux-androideabi-g++.compile.read.1.tlog
G:\SEA\PlantGenerator\plantGenerator\Android\Debug\arm-linux-androideabi-g++.compile.write.1.tlog
G:\SEA\PlantGenerator\plantGenerator\Android\Debug\arm-linux-androideabi-g++.read.1.tlog
G:\SEA\PlantGenerator\plantGenerator\Android\Debug\arm-linux-androideabi-g++.write.1.tlog
G:\SEA\PlantGenerator\plantGenerator\Android\Debug\cmd-find_java-java.read.1.tlog
G:\SEA\PlantGenerator\plantGenerator\Android\Debug\cmd-find_java-java.read.2.tlog
G:\SEA\PlantGenerator\plantGenerator\Android\Debug\cmd-find_java-java.write.2.tlog
G:\SEA\PlantGenerator\plantGenerator\Android\Debug\cmd-find_java.read.1.tlog
G:\SEA\PlantGenerator\plantGenerator\Android\Debug\cmd-java-aapt.4068.read.1.tlog
G:\SEA\PlantGenerator\plantGenerator\Android\Debug\cmd-java-aapt.6568.read.1.tlog
G:\SEA\PlantGenerator\plantGenerator\Android\Debug\cmd-java-aapt.6568.write.1.tlog
G:\SEA\PlantGenerator\plantGenerator\Android\Debug\cmd-java-aapt.7248.read.1.tlog
G:\SEA\PlantGenerator\plantGenerator\Android\Debug\cmd-java-aapt.7248.write.1.tlog
G:\SEA\PlantGenerator\plantGenerator\Android\Debug\cmd-java-aapt.7748.read.1.tlog
G:\SEA\PlantGenerator\plantGenerator\Android\Debug\cmd-java-aapt.read.1.tlog
G:\SEA\PlantGenerator\plantGenerator\Android\Debug\cmd-java-aapt.write.1.tlog
G:\SEA\PlantGenerator\plantGenerator\Android\Debug\cmd-java-zipalign.read.1.tlog
G:\SEA\PlantGenerator\plantGenerator\Android\Debug\cmd-java-zipalign.write.1.tlog
G:\SEA\PlantGenerator\plantGenerator\Android\Debug\cmd-java.read.1.tlog
G:\SEA\PlantGenerator\plantGenerator\Android\Debug\cmd-java.read.2.tlog
G:\SEA\PlantGenerator\plantGenerator\Android\Debug\cmd-java.write.2.tlog
G:\SEA\PlantGenerator\plantGenerator\Android\Debug\cmd.read.1.tlog
G:\SEA\PlantGenerator\plantGenerator\Android\Debug\java.read.1.tlog
G:\SEA\PlantGenerator\plantGenerator\Android\Debug\java.read.2.tlog
G:\SEA\PlantGenerator\plantGenerator\Android\Debug\java.write.2.tlog
G:\SEA\PlantGenerator\Android\Debug\PlantGenerator.so
