Build started 11.11.2013 г. 15:51:15 ч..
     1>Project "G:\SEA\PlantGenerator\plantGenerator\PlantGenerator.vcxproj" on node 2 (Build target(s)).
     1>ClCompile:
         G:\Android\android-ndk-r9\toolchains\arm-linux-androideabi-4.6\prebuilt\windows\bin\arm-linux-androideabi-g++.exe -o Android/Debug/TurtleGraphics.o -marm -fno-strict-aliasing -funswitch-loops -finline-limit=100 -fomit-frame-pointer -fexceptions -fpic -fstack-protector -fno-rtti -fno-short-enums -x c++ -Wno-psabi -IG:/Android/android-ndk-r9/platforms/android-14/arch-arm/usr/include -IG:/Android/android-ndk-r9/sources/cxx-stl/gnu-libstdc++/4.6/include -IG:/Android/android-ndk-r9/sources/cxx-stl/gnu-libstdc++/4.6/libs/armeabi-v7a/include -DANDROID_NDK -DANDROID -D__ANDROID__ -D__ARM_EABI__ -D__ARM_ARCH_7__ -D__ARM_ARCH_7A__ -D__ARM_ARCH_5__ -D__ARM_ARCH_5T__ -D__ARM_ARCH_5E__ -D__ARM_ARCH_5TE__ -O0 -g -IG:/SEA/PlantGenerator//Dependencies/Include -IG:/SEA/PlantGenerator//Dependencies/pngInclude -march=armv7-a -mtune=xscale -c -MD ../src/plantGenerator/TurtleGraphics.cpp
         AppAndroid.cpp
       Link:
         G:\Android\android-ndk-r9\toolchains\arm-linux-androideabi-4.6\prebuilt\windows\bin\arm-linux-androideabi-g++.exe Android/Debug/App.o Android/Debug/AppAndroid.o Android/Debug/DrawableObject.o Android/Debug/LSystem.o Android/Debug/Plant.o Android/Debug/RandomValue.o Android/Debug/TurtleGraphics.o -o G:/SEA/PlantGenerator/Android/Debug/PlantGenerator.so -LG:/SEA/PlantGenerator/Dependencies/android/ -landroid -lGLESv2 G:/SEA/PlantGenerator/Dependencies/android/libpngd.a G:/SEA/PlantGenerator/Dependencies/android/zlibd.a -nostdlib -lc -lm -llog -lgcc -Wl,-soname,libPlantGenerator -Wl,--no-undefined -shared -Wl,-z,noexecstack -Wl,-rpath-link=G:/Android/android-ndk-r9/platforms/android-14/arch-arm/usr/lib --sysroot=G:/Android/android-ndk-r9/platforms/android-14/arch-arm/usr/lib/../.. G:/Android/android-ndk-r9/toolchains/arm-linux-androideabi-4.6/prebuilt/windows/lib/gcc/arm-linux-androideabi/4.6/armv7-a/crtbeginS.o -lstdc++ -lsupc++ -lgnustl_static -lgcc -LG:/Android/android-ndk-r9/platforms/android-14/arch-arm/usr/lib -LG:/Android/android-ndk-r9/sources/cxx-stl/gnu-libstdc++/4.6/libs/armeabi-v7a -LG:/Android/android-ndk-r9/toolchains/arm-linux-androideabi-4.6/prebuilt/windows/lib/gcc/arm-linux-androideabi/4.6/armv7-a
         PlantGenerator.vcxproj -> G:\SEA\PlantGenerator\Android\Debug\PlantGenerator.so
     1>C:\Program Files (x86)\MSBuild\Microsoft.Cpp\v4.0\V110\Platforms\Android\Microsoft.Cpp.Android.Targets(234,5): warning MSB8015: Forcing a rebuild of all source files due to the contents of "G:\SEA\PlantGenerator\plantGenerator\Android\Debug\ant.command.1.tlog" being invalid.
         G:\Android\apache-ant-1.9.2\bin\ant.bat debug 
         Envvar: JAVA_HOME is set to 'C:\Program Files (x86)\Java\jdk1.7.0_45'
         G:\Android\apache-ant-1.9.2\bin\ant.bat  debug
         Buildfile: G:\SEA\PlantGenerator\AndroidApk\build.xml
         
         -set-mode-check:
         
         -set-debug-files:
         
         -check-env:
          [checkenv] Android SDK Tools Revision 22.2.1
          [checkenv] Installed at G:\Android\adt-bundle-windows-x86_64-20130219\sdk
         
         -setup:
              [echo] Project Name: PlantGenerator
           [gettype] Project Type: Application
         
         -set-debug-mode:
         
         -debug-obfuscation-check:
         
         -pre-build:
         
         -build-setup:
         [getbuildtools] Using latest Build Tools: 18.1.1
              [echo] Resolving Build Target for PlantGenerator...
         [gettarget] Project Target:   Android 4.1.2
         [gettarget] API level:        16
              [echo] ----------
              [echo] Creating output directories if needed...
              [echo] ----------
              [echo] Resolving Dependencies for PlantGenerator...
         [dependency] Library dependencies:
         [dependency] No Libraries
         [dependency] 
         [dependency] ------------------
              [echo] ----------
              [echo] Building Libraries with 'debug'...
            [subant] No sub-builds to iterate on
         
         -code-gen:
         [mergemanifest] Found Deleted Target File
         [mergemanifest] Merging AndroidManifest files into one.
         [mergemanifest] Manifest merger disabled. Using project manifest only.
              [echo] Handling aidl files...
              [aidl] No AIDL files to compile.
              [echo] ----------
              [echo] Handling RenderScript files...
              [echo] ----------
              [echo] Handling Resources...
              [aapt] Found Deleted Target File
              [aapt] Generating resource IDs...
              [echo] ----------
              [echo] Handling BuildConfig class...
         [buildconfig] No need to generate new BuildConfig.
         
         -pre-compile:
         
         -compile:
             [javac] Compiling 1 source file to G:\SEA\PlantGenerator\AndroidApk\bin\classes
         
         -post-compile:
         
         -obfuscate:
         
         -dex:
               [dex] input: G:\SEA\PlantGenerator\AndroidApk\bin\classes
               [dex] Found Deleted Target File
               [dex] Converting compiled files and external libraries into G:\SEA\PlantGenerator\AndroidApk\bin\classes.dex...
                [dx] Picked up _JAVA_OPTIONS: -Xms256m -Xmx512m
         
         -crunch:
            [crunch] Crunching PNG Files in source dir: G:\SEA\PlantGenerator\AndroidApk\res
            [crunch] To destination dir: G:\SEA\PlantGenerator\AndroidApk\bin\res
            [crunch] Crunched 0 PNG files to update cache
         
         -package-resources:
              [aapt] Found Deleted Target File
              [aapt] Creating full resource package...
         
         -package:
         [apkbuilder] Found Deleted Target File
         [apkbuilder] Creating PlantGenerator-debug-unaligned.apk and signing it with a debug key...
         
         -post-package:
         
         -do-debug:
          [zipalign] Running zip align on final apk...
              [echo] Debug Package: G:\SEA\PlantGenerator\AndroidApk\bin\PlantGenerator-debug.apk
         [propertyfile] Updating property file: G:\SEA\PlantGenerator\AndroidApk\bin\build.prop
         [propertyfile] Updating property file: G:\SEA\PlantGenerator\AndroidApk\bin\build.prop
         [propertyfile] Updating property file: G:\SEA\PlantGenerator\AndroidApk\bin\build.prop
         [propertyfile] Updating property file: G:\SEA\PlantGenerator\AndroidApk\bin\build.prop
         
         -post-build:
         
         debug:
         
         BUILD SUCCESSFUL
         Total time: 4 seconds
         Picked up _JAVA_OPTIONS: -Xms256m -Xmx512m
     1>C:\Program Files (x86)\MSBuild\Microsoft.Cpp\v4.0\V110\Platforms\Android\Microsoft.Cpp.Android.Targets(234,5): warning MSB8015: Forcing a rebuild of all source files due to the contents of "G:\SEA\PlantGenerator\plantGenerator\Android\Debug\ant.command.1.tlog" being invalid.
       PostAntDeploy:
         
         
         Deploying... ( Use 'Build -> Cancel' - to halt deploy )
         
         G:\Android\adt-bundle-windows-x86_64-20130219\sdk\\platform-tools\adb.exe wait-for-device 
         G:\Android\adt-bundle-windows-x86_64-20130219\sdk\\platform-tools\adb.exe  wait-for-device
         G:\Android\adt-bundle-windows-x86_64-20130219\sdk\\platform-tools\adb.exe install -r "G:\SEA\PlantGenerator\AndroidApk\bin\PlantGenerator-debug.apk" 
         G:\Android\adt-bundle-windows-x86_64-20130219\sdk\\platform-tools\adb.exe  install -r "G:\SEA\PlantGenerator\AndroidApk\bin\PlantGenerator-debug.apk"
         	pkg: /data/local/tmp/PlantGenerator-debug.apk
         
         Success
         
         2789 KB/s (828410 bytes in 0.290s)
     1>C:\Program Files (x86)\MSBuild\Microsoft.Cpp\v4.0\V110\Platforms\Android\Microsoft.Cpp.Android.Targets(363,5): warning MSB8015: Forcing a rebuild of all source files due to the contents of "G:\SEA\PlantGenerator\plantGenerator\Android\Debug\adb.command.1.tlog" being invalid.
     1>Done Building Project "G:\SEA\PlantGenerator\plantGenerator\PlantGenerator.vcxproj" (Build target(s)).

Build succeeded.

Time Elapsed 00:00:08.59
