Build started 18.11.2013 г. 16:32:32 ч..
     1>Project "G:\SEA\PlantGenerator\zlib\zlib.vcxproj" on node 2 (Build target(s)).
     1>ClCompile:
         C:\Program Files (x86)\Microsoft Visual Studio 11.0\VC\bin\CL.exe /c /IG:\SEA\PlantGenerator\\Dependencies\Include /ZI /nologo /W3 /WX- /Od /Oy- /D _MBCS /Gm /EHsc /RTC1 /MDd /GS /fp:precise /Zc:wchar_t /Zc:forScope /Fo"DebugLib\\" /Fd"DebugLib\vc110.pdb" /Gd /TC /wd4996 /analyze- /errorReport:prompt ..\src\zlib\adler32.c ..\src\zlib\compress.c ..\src\zlib\crc32.c ..\src\zlib\deflate.c ..\src\zlib\gzclose.c ..\src\zlib\gzlib.c ..\src\zlib\gzread.c ..\src\zlib\gzwrite.c ..\src\zlib\infback.c ..\src\zlib\inffast.c ..\src\zlib\inflate.c ..\src\zlib\inftrees.c ..\src\zlib\trees.c ..\src\zlib\uncompr.c ..\src\zlib\zutil.c
         zutil.c
         uncompr.c
         trees.c
         inftrees.c
         inflate.c
         inffast.c
         infback.c
         gzwrite.c
         gzread.c
         gzlib.c
         gzclose.c
         deflate.c
         crc32.c
         compress.c
         adler32.c
         Generating Code...
       Lib:
         C:\Program Files (x86)\Microsoft Visual Studio 11.0\VC\bin\Lib.exe /OUT:"G:\SEA\PlantGenerator\\Dependencies\lib\zlibd.lib" /NOLOGO DebugLib\adler32.obj
         DebugLib\compress.obj
         DebugLib\crc32.obj
         DebugLib\deflate.obj
         DebugLib\gzclose.obj
         DebugLib\gzlib.obj
         DebugLib\gzread.obj
         DebugLib\gzwrite.obj
         DebugLib\infback.obj
         DebugLib\inffast.obj
         DebugLib\inflate.obj
         DebugLib\inftrees.obj
         DebugLib\trees.obj
         DebugLib\uncompr.obj
         DebugLib\zutil.obj
         zlib.vcxproj -> G:\SEA\PlantGenerator\\Dependencies\lib\zlibd.lib
     1>Done Building Project "G:\SEA\PlantGenerator\zlib\zlib.vcxproj" (Build target(s)).

Build succeeded.

Time Elapsed 00:00:01.86
