C:\USERS\KRIEN\DOCUMENTS\GITHUB\SEA\GARDENDATABASE\X64\DEBUG\MAIN.OBJ
C:\USERS\KRIEN\DOCUMENTS\GITHUB\SEA\GARDENDATABASE\X64\DEBUG\PLANTDATABASE.OBJ
C:\USERS\KRIEN\DOCUMENTS\GITHUB\SEA\GARDENDATABASE\X64\DEBUG\TINYXML2.OBJ
C:\USERS\KRIEN\DOCUMENTS\GITHUB\SEA\GARDENDATABASE\X64\DEBUG\VC110.PDB
C:\USERS\KRIEN\DOCUMENTS\GITHUB\SEA\GARDENDATABASE\X64\DEBUG\GARDENDATABASE.ILK
C:\USERS\KRIEN\DOCUMENTS\GITHUB\SEA\GARDENDATABASE\X64\DEBUG\GARDENDATABASE.EXE
C:\USERS\KRIEN\DOCUMENTS\GITHUB\SEA\GARDENDATABASE\X64\DEBUG\GARDENDATABASE.PDB
C:\Users\krien\Documents\GitHub\SEA\GardenDatabase\x64\Debug\main.obj
C:\Users\krien\Documents\GitHub\SEA\GardenDatabase\x64\Debug\PlantDatabase.obj
C:\Users\krien\Documents\GitHub\SEA\GardenDatabase\x64\Debug\tinyxml2.obj
C:\Users\krien\Documents\GitHub\SEA\GardenDatabase\x64\Debug\GardenDatabase.ilk
C:\Users\krien\Documents\GitHub\SEA\GardenDatabase\x64\Debug\cl.command.1.tlog
C:\Users\krien\Documents\GitHub\SEA\GardenDatabase\x64\Debug\CL.read.1.tlog
C:\Users\krien\Documents\GitHub\SEA\GardenDatabase\x64\Debug\CL.write.1.tlog
C:\Users\krien\Documents\GitHub\SEA\GardenDatabase\x64\Debug\link-cvtres.read.1.tlog
C:\Users\krien\Documents\GitHub\SEA\GardenDatabase\x64\Debug\link-cvtres.write.1.tlog
C:\Users\krien\Documents\GitHub\SEA\GardenDatabase\x64\Debug\link-rc.read.1.tlog
C:\Users\krien\Documents\GitHub\SEA\GardenDatabase\x64\Debug\link-rc.write.1.tlog
C:\Users\krien\Documents\GitHub\SEA\GardenDatabase\x64\Debug\link.command.1.tlog
C:\Users\krien\Documents\GitHub\SEA\GardenDatabase\x64\Debug\link.read.1.tlog
C:\Users\krien\Documents\GitHub\SEA\GardenDatabase\x64\Debug\link.write.1.tlog
C:\Users\krien\Documents\GitHub\SEA\GardenDatabase\x64\Debug\vc110.idb
C:\Users\krien\Documents\GitHub\SEA\GardenDatabase\x64\Debug\GardenDatabase.pdb
C:\Users\krien\Documents\GitHub\SEA\GardenDatabase\x64\Debug\vc110.pdb
C:\Users\krien\Documents\GitHub\SEA\GardenDatabase\x64\Debug\database.xml
C:\Users\krien\Documents\GitHub\SEA\GardenDatabase\x64\Debug\GardenDatabase.exe
