C:\USERS\ROBIN\DOCUMENTS\GITHUB\SEA\DIALOGUESYSTEM\DIALOGUESYSTEM\DEBUG\DIALOGUESYSTEM.PCH
C:\USERS\ROBIN\DOCUMENTS\GITHUB\SEA\DIALOGUESYSTEM\DIALOGUESYSTEM\DEBUG\STDAFX.OBJ
C:\USERS\ROBIN\DOCUMENTS\GITHUB\SEA\DIALOGUESYSTEM\DIALOGUESYSTEM\DEBUG\VC110.PDB
C:\USERS\ROBIN\DOCUMENTS\GITHUB\SEA\DIALOGUESYSTEM\DIALOGUESYSTEM\DEBUG\PLANTDATA.OBJ
C:\USERS\ROBIN\DOCUMENTS\GITHUB\SEA\DIALOGUESYSTEM\DIALOGUESYSTEM\DEBUG\PLAYER.OBJ
C:\USERS\ROBIN\DOCUMENTS\GITHUB\SEA\DIALOGUESYSTEM\DIALOGUESYSTEM\DEBUG\TINYXMLHANDLER.OBJ
C:\USERS\ROBIN\DOCUMENTS\GITHUB\SEA\DIALOGUESYSTEM\DIALOGUESYSTEM\DEBUG\DIALOGUESYSTEM.OBJ
C:\USERS\ROBIN\DOCUMENTS\GITHUB\SEA\DIALOGUESYSTEM\DIALOGUESYSTEM\DEBUG\TINYXML2.OBJ
C:\USERS\ROBIN\DOCUMENTS\GITHUB\SEA\DIALOGUESYSTEM\DIALOGUESYSTEM\DEBUG\PLANTDATABASE.OBJ
C:\USERS\ROBIN\DOCUMENTS\GITHUB\SEA\DIALOGUESYSTEM\DEBUG\DIALOGUESYSTEM.ILK
C:\USERS\ROBIN\DOCUMENTS\GITHUB\SEA\DIALOGUESYSTEM\DEBUG\DIALOGUESYSTEM.EXE
C:\USERS\ROBIN\DOCUMENTS\GITHUB\SEA\DIALOGUESYSTEM\DEBUG\DIALOGUESYSTEM.PDB
C:\Users\Robin\Documents\GitHub\SEA\DialogueSystem\DialogueSystem\Debug\DialogueSystem.obj
C:\Users\Robin\Documents\GitHub\SEA\DialogueSystem\DialogueSystem\Debug\PlantData.obj
C:\Users\Robin\Documents\GitHub\SEA\DialogueSystem\DialogueSystem\Debug\PlantDatabase.obj
C:\Users\Robin\Documents\GitHub\SEA\DialogueSystem\DialogueSystem\Debug\Player.obj
C:\Users\Robin\Documents\GitHub\SEA\DialogueSystem\DialogueSystem\Debug\stdafx.obj
C:\Users\Robin\Documents\GitHub\SEA\DialogueSystem\DialogueSystem\Debug\tinyxml2.obj
C:\Users\Robin\Documents\GitHub\SEA\DialogueSystem\DialogueSystem\Debug\TinyXMLHandler.obj
C:\Users\Robin\Documents\GitHub\SEA\DialogueSystem\DialogueSystem\Debug\cl.command.1.tlog
C:\Users\Robin\Documents\GitHub\SEA\DialogueSystem\DialogueSystem\Debug\CL.read.1.tlog
C:\Users\Robin\Documents\GitHub\SEA\DialogueSystem\DialogueSystem\Debug\CL.write.1.tlog
C:\Users\Robin\Documents\GitHub\SEA\DialogueSystem\DialogueSystem\Debug\link-cvtres.read.1.tlog
C:\Users\Robin\Documents\GitHub\SEA\DialogueSystem\DialogueSystem\Debug\link-cvtres.write.1.tlog
C:\Users\Robin\Documents\GitHub\SEA\DialogueSystem\DialogueSystem\Debug\link-rc.read.1.tlog
C:\Users\Robin\Documents\GitHub\SEA\DialogueSystem\DialogueSystem\Debug\link-rc.write.1.tlog
C:\Users\Robin\Documents\GitHub\SEA\DialogueSystem\DialogueSystem\Debug\link.4584-cvtres.read.1.tlog
C:\Users\Robin\Documents\GitHub\SEA\DialogueSystem\DialogueSystem\Debug\link.4584-cvtres.write.1.tlog
C:\Users\Robin\Documents\GitHub\SEA\DialogueSystem\DialogueSystem\Debug\link.4584-rc.read.1.tlog
C:\Users\Robin\Documents\GitHub\SEA\DialogueSystem\DialogueSystem\Debug\link.4584-rc.write.1.tlog
C:\Users\Robin\Documents\GitHub\SEA\DialogueSystem\DialogueSystem\Debug\link.4584.read.1.tlog
C:\Users\Robin\Documents\GitHub\SEA\DialogueSystem\DialogueSystem\Debug\link.4584.write.1.tlog
C:\Users\Robin\Documents\GitHub\SEA\DialogueSystem\DialogueSystem\Debug\link.4764-cvtres.read.1.tlog
C:\Users\Robin\Documents\GitHub\SEA\DialogueSystem\DialogueSystem\Debug\link.4764-cvtres.write.1.tlog
C:\Users\Robin\Documents\GitHub\SEA\DialogueSystem\DialogueSystem\Debug\link.4764-rc.read.1.tlog
C:\Users\Robin\Documents\GitHub\SEA\DialogueSystem\DialogueSystem\Debug\link.4764-rc.write.1.tlog
C:\Users\Robin\Documents\GitHub\SEA\DialogueSystem\DialogueSystem\Debug\link.4764.read.1.tlog
C:\Users\Robin\Documents\GitHub\SEA\DialogueSystem\DialogueSystem\Debug\link.4764.write.1.tlog
C:\Users\Robin\Documents\GitHub\SEA\DialogueSystem\DialogueSystem\Debug\link.6548-cvtres.read.1.tlog
C:\Users\Robin\Documents\GitHub\SEA\DialogueSystem\DialogueSystem\Debug\link.6548-cvtres.write.1.tlog
C:\Users\Robin\Documents\GitHub\SEA\DialogueSystem\DialogueSystem\Debug\link.6548-rc.read.1.tlog
C:\Users\Robin\Documents\GitHub\SEA\DialogueSystem\DialogueSystem\Debug\link.6548-rc.write.1.tlog
C:\Users\Robin\Documents\GitHub\SEA\DialogueSystem\DialogueSystem\Debug\link.6548.read.1.tlog
C:\Users\Robin\Documents\GitHub\SEA\DialogueSystem\DialogueSystem\Debug\link.6548.write.1.tlog
C:\Users\Robin\Documents\GitHub\SEA\DialogueSystem\DialogueSystem\Debug\link.command.1.tlog
C:\Users\Robin\Documents\GitHub\SEA\DialogueSystem\DialogueSystem\Debug\link.read.1.tlog
C:\Users\Robin\Documents\GitHub\SEA\DialogueSystem\DialogueSystem\Debug\link.write.1.tlog
C:\Users\Robin\Documents\GitHub\SEA\DialogueSystem\DialogueSystem\Debug\DialogueSystem.pch
C:\Users\Robin\Documents\GitHub\SEA\DialogueSystem\DialogueSystem\Debug\vc110.idb
C:\Users\Robin\Documents\GitHub\SEA\DialogueSystem\DialogueSystem\Debug\vc110.pdb
C:\Users\Robin\Documents\GitHub\SEA\DialogueSystem\Debug\DialogueSystem.pdb
C:\Users\Robin\Documents\GitHub\SEA\DialogueSystem\Debug\DialogueSystem.exe
C:\Users\Robin\Documents\GitHub\SEA\DialogueSystem\Debug\DialogueSystem.ilk
