C:\USERS\KRIEN\DOCUMENTS\GITHUB\SEA\HELLOWORLD\HELLOWORLD\DEBUG\MAIN.OBJ
C:\USERS\KRIEN\DOCUMENTS\GITHUB\SEA\HELLOWORLD\HELLOWORLD\DEBUG\VC110.PDB
C:\USERS\KRIEN\DOCUMENTS\GITHUB\SEA\HELLOWORLD\DEBUG\HELLOWORLD.ILK
C:\USERS\KRIEN\DOCUMENTS\GITHUB\SEA\HELLOWORLD\DEBUG\HELLOWORLD.EXE
C:\USERS\KRIEN\DOCUMENTS\GITHUB\SEA\HELLOWORLD\DEBUG\HELLOWORLD.PDB
C:\Users\krien\Documents\GitHub\SEA\HelloWorld\HelloWorld\Debug\main.obj
C:\Users\krien\Documents\GitHub\SEA\HelloWorld\HelloWorld\Debug\cl.command.1.tlog
C:\Users\krien\Documents\GitHub\SEA\HelloWorld\HelloWorld\Debug\CL.read.1.tlog
C:\Users\krien\Documents\GitHub\SEA\HelloWorld\HelloWorld\Debug\CL.write.1.tlog
C:\Users\krien\Documents\GitHub\SEA\HelloWorld\HelloWorld\Debug\link-cvtres.read.1.tlog
C:\Users\krien\Documents\GitHub\SEA\HelloWorld\HelloWorld\Debug\link-cvtres.write.1.tlog
C:\Users\krien\Documents\GitHub\SEA\HelloWorld\HelloWorld\Debug\link-rc.read.1.tlog
C:\Users\krien\Documents\GitHub\SEA\HelloWorld\HelloWorld\Debug\link-rc.write.1.tlog
C:\Users\krien\Documents\GitHub\SEA\HelloWorld\HelloWorld\Debug\link.command.1.tlog
C:\Users\krien\Documents\GitHub\SEA\HelloWorld\HelloWorld\Debug\link.read.1.tlog
C:\Users\krien\Documents\GitHub\SEA\HelloWorld\HelloWorld\Debug\link.write.1.tlog
C:\Users\krien\Documents\GitHub\SEA\HelloWorld\HelloWorld\Debug\vc110.idb
C:\Users\krien\Documents\GitHub\SEA\HelloWorld\HelloWorld\Debug\vc110.pdb
C:\Users\krien\Documents\GitHub\SEA\HelloWorld\Debug\HelloWorld.pdb
C:\Users\krien\Documents\GitHub\SEA\HelloWorld\Debug\HelloWorld.exe
C:\Users\krien\Documents\GitHub\SEA\HelloWorld\Debug\HelloWorld.ilk
